  Source.cpp
E:\OneDrive - SNHU\CS 405\1-3 Activity - Numeric Overflow Coding\1-3 Activity - Numeric Overflow Coding\Source.cpp(23,41): warning C4018: '>': signed/unsigned mismatch
E:\OneDrive - SNHU\CS 405\1-3 Activity - Numeric Overflow Coding\1-3 Activity - Numeric Overflow Coding\Source.cpp(106): message : see reference to function template instantiation 'T add_numbers<T>(const T &,const T &,const unsigned long &)' being compiled
          with
          [
              T=char
          ]
E:\OneDrive - SNHU\CS 405\1-3 Activity - Numeric Overflow Coding\1-3 Activity - Numeric Overflow Coding\Source.cpp(163): message : see reference to function template instantiation 'void test_overflow<char>(void)' being compiled
E:\OneDrive - SNHU\CS 405\1-3 Activity - Numeric Overflow Coding\1-3 Activity - Numeric Overflow Coding\Source.cpp(25,1): warning C4244: '+=': conversion from 'unsigned long' to 'T', possible loss of data
          with
          [
              T=char
          ]
E:\OneDrive - SNHU\CS 405\1-3 Activity - Numeric Overflow Coding\1-3 Activity - Numeric Overflow Coding\Source.cpp(25,1): warning C4244: '+=': conversion from 'unsigned long' to 'T', possible loss of data
          with
          [
              T=wchar_t
          ]
E:\OneDrive - SNHU\CS 405\1-3 Activity - Numeric Overflow Coding\1-3 Activity - Numeric Overflow Coding\Source.cpp(106): message : see reference to function template instantiation 'T add_numbers<T>(const T &,const T &,const unsigned long &)' being compiled
          with
          [
              T=wchar_t
          ]
E:\OneDrive - SNHU\CS 405\1-3 Activity - Numeric Overflow Coding\1-3 Activity - Numeric Overflow Coding\Source.cpp(164): message : see reference to function template instantiation 'void test_overflow<wchar_t>(void)' being compiled
E:\OneDrive - SNHU\CS 405\1-3 Activity - Numeric Overflow Coding\1-3 Activity - Numeric Overflow Coding\Source.cpp(25,1): warning C4244: '+=': conversion from 'unsigned long' to 'T', possible loss of data
          with
          [
              T=short
          ]
E:\OneDrive - SNHU\CS 405\1-3 Activity - Numeric Overflow Coding\1-3 Activity - Numeric Overflow Coding\Source.cpp(25,1): warning C4244: '+=': conversion from 'unsigned long' to 'T', possible loss of data
          with
          [
              T=unsigned char
          ]
E:\OneDrive - SNHU\CS 405\1-3 Activity - Numeric Overflow Coding\1-3 Activity - Numeric Overflow Coding\Source.cpp(106): message : see reference to function template instantiation 'T add_numbers<T>(const T &,const T &,const unsigned long &)' being compiled
          with
          [
              T=unsigned char
          ]
E:\OneDrive - SNHU\CS 405\1-3 Activity - Numeric Overflow Coding\1-3 Activity - Numeric Overflow Coding\Source.cpp(171): message : see reference to function template instantiation 'void test_overflow<unsigned char>(void)' being compiled
E:\OneDrive - SNHU\CS 405\1-3 Activity - Numeric Overflow Coding\1-3 Activity - Numeric Overflow Coding\Source.cpp(25,1): warning C4244: '+=': conversion from 'unsigned long' to 'T', possible loss of data
          with
          [
              T=unsigned short
          ]
E:\OneDrive - SNHU\CS 405\1-3 Activity - Numeric Overflow Coding\1-3 Activity - Numeric Overflow Coding\Source.cpp(106): message : see reference to function template instantiation 'T add_numbers<T>(const T &,const T &,const unsigned long &)' being compiled
          with
          [
              T=unsigned short
          ]
E:\OneDrive - SNHU\CS 405\1-3 Activity - Numeric Overflow Coding\1-3 Activity - Numeric Overflow Coding\Source.cpp(172): message : see reference to function template instantiation 'void test_overflow<unsigned short>(void)' being compiled
E:\OneDrive - SNHU\CS 405\1-3 Activity - Numeric Overflow Coding\1-3 Activity - Numeric Overflow Coding\Source.cpp(54,41): warning C4018: '<': signed/unsigned mismatch
E:\OneDrive - SNHU\CS 405\1-3 Activity - Numeric Overflow Coding\1-3 Activity - Numeric Overflow Coding\Source.cpp(147): message : see reference to function template instantiation 'T subtract_numbers<T>(const T &,const T &,const unsigned long &)' being compiled
          with
          [
              T=char
          ]
E:\OneDrive - SNHU\CS 405\1-3 Activity - Numeric Overflow Coding\1-3 Activity - Numeric Overflow Coding\Source.cpp(191): message : see reference to function template instantiation 'void test_underflow<char>(void)' being compiled
E:\OneDrive - SNHU\CS 405\1-3 Activity - Numeric Overflow Coding\1-3 Activity - Numeric Overflow Coding\Source.cpp(56,1): warning C4244: '-=': conversion from 'unsigned long' to 'T', possible loss of data
          with
          [
              T=char
          ]
E:\OneDrive - SNHU\CS 405\1-3 Activity - Numeric Overflow Coding\1-3 Activity - Numeric Overflow Coding\Source.cpp(56,1): warning C4244: '-=': conversion from 'unsigned long' to 'T', possible loss of data
          with
          [
              T=wchar_t
          ]
E:\OneDrive - SNHU\CS 405\1-3 Activity - Numeric Overflow Coding\1-3 Activity - Numeric Overflow Coding\Source.cpp(147): message : see reference to function template instantiation 'T subtract_numbers<T>(const T &,const T &,const unsigned long &)' being compiled
          with
          [
              T=wchar_t
          ]
E:\OneDrive - SNHU\CS 405\1-3 Activity - Numeric Overflow Coding\1-3 Activity - Numeric Overflow Coding\Source.cpp(192): message : see reference to function template instantiation 'void test_underflow<wchar_t>(void)' being compiled
E:\OneDrive - SNHU\CS 405\1-3 Activity - Numeric Overflow Coding\1-3 Activity - Numeric Overflow Coding\Source.cpp(56,1): warning C4244: '-=': conversion from 'unsigned long' to 'T', possible loss of data
          with
          [
              T=short
          ]
E:\OneDrive - SNHU\CS 405\1-3 Activity - Numeric Overflow Coding\1-3 Activity - Numeric Overflow Coding\Source.cpp(56,1): warning C4244: '-=': conversion from 'unsigned long' to 'T', possible loss of data
          with
          [
              T=unsigned char
          ]
E:\OneDrive - SNHU\CS 405\1-3 Activity - Numeric Overflow Coding\1-3 Activity - Numeric Overflow Coding\Source.cpp(147): message : see reference to function template instantiation 'T subtract_numbers<T>(const T &,const T &,const unsigned long &)' being compiled
          with
          [
              T=unsigned char
          ]
E:\OneDrive - SNHU\CS 405\1-3 Activity - Numeric Overflow Coding\1-3 Activity - Numeric Overflow Coding\Source.cpp(199): message : see reference to function template instantiation 'void test_underflow<unsigned char>(void)' being compiled
E:\OneDrive - SNHU\CS 405\1-3 Activity - Numeric Overflow Coding\1-3 Activity - Numeric Overflow Coding\Source.cpp(56,1): warning C4244: '-=': conversion from 'unsigned long' to 'T', possible loss of data
          with
          [
              T=unsigned short
          ]
E:\OneDrive - SNHU\CS 405\1-3 Activity - Numeric Overflow Coding\1-3 Activity - Numeric Overflow Coding\Source.cpp(147): message : see reference to function template instantiation 'T subtract_numbers<T>(const T &,const T &,const unsigned long &)' being compiled
          with
          [
              T=unsigned short
          ]
E:\OneDrive - SNHU\CS 405\1-3 Activity - Numeric Overflow Coding\1-3 Activity - Numeric Overflow Coding\Source.cpp(200): message : see reference to function template instantiation 'void test_underflow<unsigned short>(void)' being compiled
  Generating code
  0 of 164 functions ( 0.0%) were compiled, the rest were copied from previous compilation.
    0 functions were new in current compilation
    0 functions had inline decision re-evaluated but remain unchanged
  Finished generating code
  1-3 Activity - Numeric Overflow Coding.vcxproj -> E:\OneDrive - SNHU\CS 405\1-3 Activity - Numeric Overflow Coding\Release\1-3 Activity - Numeric Overflow Coding.exe
